2022-08-23 13:23:46.366  INFO 9516 --- [restartedMain] com.zeye.blog.BlogApplication            : Starting BlogApplication using Java 1.8.0_201 on 棉 with PID 9516 (E:\ID代码区\blog\target\classes started by shinelon in E:\ID代码区\blog)
2022-08-23 13:23:46.371  INFO 9516 --- [restartedMain] com.zeye.blog.BlogApplication            : The following 1 profile is active: "pro"
2022-08-23 13:23:50.089  INFO 9516 --- [restartedMain] com.zeye.blog.BlogApplication            : Started BlogApplication in 4.179 seconds (JVM running for 5.629)
2022-08-23 13:24:26.613  INFO 9516 --- [http-nio-8081-exec-1] com.zeye.blog.aop.LogAspect              : Request : {url='http://localhost:8081/', ip='0:0:0:0:0:0:0:1', classMethod='com.zeye.blog.controller.IndexController.index', args=[{}, 1, {}]}
2022-08-23 13:24:26.902  INFO 9516 --- [http-nio-8081-exec-1] com.zeye.blog.aop.LogAspect              : Result : index 
2022-08-23 13:24:26.902  INFO 9516 --- [http-nio-8081-exec-1] com.zeye.blog.aop.LogAspect              : ---------------doAfter--------------
2022-08-23 13:24:27.573  INFO 9516 --- [http-nio-8081-exec-4] com.zeye.blog.aop.LogAspect              : Request : {url='http://localhost:8081/footer/blogmessage', ip='0:0:0:0:0:0:0:1', classMethod='com.zeye.blog.controller.IndexController.blogMessage', args=[{}]}
2022-08-23 13:24:27.578  INFO 9516 --- [http-nio-8081-exec-4] com.zeye.blog.aop.LogAspect              : Result : index :: blogMessage 
2022-08-23 13:24:27.578  INFO 9516 --- [http-nio-8081-exec-4] com.zeye.blog.aop.LogAspect              : ---------------doAfter--------------
2022-08-23 13:24:37.346  INFO 9516 --- [http-nio-8081-exec-5] com.zeye.blog.aop.LogAspect              : Request : {url='http://localhost:8081/picture', ip='0:0:0:0:0:0:0:1', classMethod='com.zeye.blog.controller.PictureShowController.picture', args=[{}]}
2022-08-23 13:24:39.070  INFO 9516 --- [http-nio-8081-exec-5] c.z.b.service.impl.PicturesServiceImpl   : PicturesServiceImpl. getAllPictures() : 从缓存中插入了数据 >> [Pictures(id=1, picturename=LINSHAOYING, picturetime=2021年06月05日 重庆, pictureaddress=http://localhost:8080/images/mygirl.jpg, picturedescription=我的女孩), Pictures(id=7, picturename=我们, picturetime=2021年06月05 重庆, pictureaddress=http://localhost:8080/images/hezhao.jpg, picturedescription=一起在一起的日子), Pictures(id=8, picturename=ZHENGZEYE, picturetime=2021年06月05 重庆, pictureaddress=http://localhost:8080/images/luxing.jpg, picturedescription=女朋友给我的拍的照片), Pictures(id=9, picturename=部门聚会, picturetime=2020年12月15 重庆, pictureaddress=http://localhost:8080/images/toupai.jpg, picturedescription=部门聚会被拍到), Pictures(id=10, picturename=ZHENGZEYE, picturetime=2020年12月15 重庆, pictureaddress=http://localhost:8080/images/me.jpg, picturedescription=微信头像)]
2022-08-23 13:24:39.096  INFO 9516 --- [http-nio-8081-exec-5] c.z.b.service.impl.PicturesServiceImpl   : 刚才加入redis的数据是： [{"id":1,"pictureaddress":"http://localhost:8080/images/mygirl.jpg","picturedescription":"我的女孩","picturename":"LINSHAOYING","picturetime":"2021年06月05日 重庆"},{"id":7,"pictureaddress":"http://localhost:8080/images/hezhao.jpg","picturedescription":"一起在一起的日子","picturename":"我们","picturetime":"2021年06月05 重庆"},{"id":8,"pictureaddress":"http://localhost:8080/images/luxing.jpg","picturedescription":"女朋友给我的拍的照片","picturename":"ZHENGZEYE","picturetime":"2021年06月05 重庆"},{"id":9,"pictureaddress":"http://localhost:8080/images/toupai.jpg","picturedescription":"部门聚会被拍到","picturename":"部门聚会","picturetime":"2020年12月15 重庆"},{"id":10,"pictureaddress":"http://localhost:8080/images/me.jpg","picturedescription":"微信头像","picturename":"ZHENGZEYE","picturetime":"2020年12月15 重庆"}]
2022-08-23 13:24:39.098  INFO 9516 --- [http-nio-8081-exec-5] com.zeye.blog.aop.LogAspect              : Result : picture 
2022-08-23 13:24:39.098  INFO 9516 --- [http-nio-8081-exec-5] com.zeye.blog.aop.LogAspect              : ---------------doAfter--------------
2022-08-23 13:24:39.297  INFO 9516 --- [http-nio-8081-exec-6] com.zeye.blog.aop.LogAspect              : Request : {url='http://localhost:8081/footer/blogmessage', ip='0:0:0:0:0:0:0:1', classMethod='com.zeye.blog.controller.IndexController.blogMessage', args=[{}]}
2022-08-23 13:24:39.301  INFO 9516 --- [http-nio-8081-exec-6] com.zeye.blog.aop.LogAspect              : Result : index :: blogMessage 
2022-08-23 13:24:39.301  INFO 9516 --- [http-nio-8081-exec-6] com.zeye.blog.aop.LogAspect              : ---------------doAfter--------------
2022-08-23 13:25:41.252  INFO 9516 --- [http-nio-8081-exec-5] com.zeye.blog.aop.LogAspect              : Request : {url='http://localhost:8081/footer/blogmessage', ip='0:0:0:0:0:0:0:1', classMethod='com.zeye.blog.controller.IndexController.blogMessage', args=[{}]}
2022-08-23 13:25:41.260  INFO 9516 --- [http-nio-8081-exec-5] com.zeye.blog.aop.LogAspect              : Result : index :: blogMessage 
2022-08-23 13:25:41.262  INFO 9516 --- [http-nio-8081-exec-5] com.zeye.blog.aop.LogAspect              : ---------------doAfter--------------
2022-08-23 13:25:42.893  INFO 9516 --- [http-nio-8081-exec-4] c.z.b.service.impl.PicturesServiceImpl   : PicturesServiceImpl. getAllPictures() : 从缓存中获取了数据 >> [Pictures(id=1, picturename=LINSHAOYING, picturetime=2021年06月05日 重庆, pictureaddress=http://localhost:8080/images/mygirl.jpg, picturedescription=我的女孩), Pictures(id=7, picturename=我们, picturetime=2021年06月05 重庆, pictureaddress=http://localhost:8080/images/hezhao.jpg, picturedescription=一起在一起的日子), Pictures(id=8, picturename=ZHENGZEYE, picturetime=2021年06月05 重庆, pictureaddress=http://localhost:8080/images/luxing.jpg, picturedescription=女朋友给我的拍的照片), Pictures(id=9, picturename=部门聚会, picturetime=2020年12月15 重庆, pictureaddress=http://localhost:8080/images/toupai.jpg, picturedescription=部门聚会被拍到), Pictures(id=10, picturename=ZHENGZEYE, picturetime=2020年12月15 重庆, pictureaddress=http://localhost:8080/images/me.jpg, picturedescription=微信头像)]
2022-08-23 13:25:43.014  INFO 9516 --- [http-nio-8081-exec-1] com.zeye.blog.aop.LogAspect              : Request : {url='http://localhost:8081/footer/blogmessage', ip='0:0:0:0:0:0:0:1', classMethod='com.zeye.blog.controller.IndexController.blogMessage', args=[{}]}
2022-08-23 13:25:43.019  INFO 9516 --- [http-nio-8081-exec-1] com.zeye.blog.aop.LogAspect              : Result : index :: blogMessage 
2022-08-23 13:25:43.019  INFO 9516 --- [http-nio-8081-exec-1] com.zeye.blog.aop.LogAspect              : ---------------doAfter--------------
2022-08-23 13:25:45.035  INFO 9516 --- [http-nio-8081-exec-6] com.zeye.blog.aop.LogAspect              : Request : {url='http://localhost:8081/footer/blogmessage', ip='0:0:0:0:0:0:0:1', classMethod='com.zeye.blog.controller.IndexController.blogMessage', args=[{}]}
2022-08-23 13:25:45.040  INFO 9516 --- [http-nio-8081-exec-6] com.zeye.blog.aop.LogAspect              : Result : index :: blogMessage 
2022-08-23 13:25:45.040  INFO 9516 --- [http-nio-8081-exec-6] com.zeye.blog.aop.LogAspect              : ---------------doAfter--------------
2022-08-23 13:25:50.404  INFO 9516 --- [http-nio-8081-exec-2] c.z.b.service.impl.PicturesServiceImpl   : PicturesServiceImpl. getAllPictures() : 从缓存中插入了数据 >> Page{count=true, pageNum=1, pageSize=50, startRow=0, endRow=50, total=5, pages=1, reasonable=false, pageSizeZero=false}[Pictures(id=1, picturename=LINSHAOYING, picturetime=2021年06月05日 重庆, pictureaddress=/images/mygirl.jpg, picturedescription=我的女孩), Pictures(id=7, picturename=我们, picturetime=2021年06月05 重庆, pictureaddress=http://localhost:8080/images/hezhao.jpg, picturedescription=一起在一起的日子), Pictures(id=8, picturename=ZHENGZEYE, picturetime=2021年06月05 重庆, pictureaddress=http://localhost:8080/images/luxing.jpg, picturedescription=女朋友给我的拍的照片), Pictures(id=9, picturename=部门聚会, picturetime=2020年12月15 重庆, pictureaddress=http://localhost:8080/images/toupai.jpg, picturedescription=部门聚会被拍到), Pictures(id=10, picturename=ZHENGZEYE, picturetime=2020年12月15 重庆, pictureaddress=http://localhost:8080/images/me.jpg, picturedescription=微信头像)]
2022-08-23 13:25:50.405  INFO 9516 --- [http-nio-8081-exec-2] c.z.b.service.impl.PicturesServiceImpl   : 刚才加入redis的数据是： [{"id":1,"pictureaddress":"/images/mygirl.jpg","picturedescription":"我的女孩","picturename":"LINSHAOYING","picturetime":"2021年06月05日 重庆"},{"id":7,"pictureaddress":"http://localhost:8080/images/hezhao.jpg","picturedescription":"一起在一起的日子","picturename":"我们","picturetime":"2021年06月05 重庆"},{"id":8,"pictureaddress":"http://localhost:8080/images/luxing.jpg","picturedescription":"女朋友给我的拍的照片","picturename":"ZHENGZEYE","picturetime":"2021年06月05 重庆"},{"id":9,"pictureaddress":"http://localhost:8080/images/toupai.jpg","picturedescription":"部门聚会被拍到","picturename":"部门聚会","picturetime":"2020年12月15 重庆"},{"id":10,"pictureaddress":"http://localhost:8080/images/me.jpg","picturedescription":"微信头像","picturename":"ZHENGZEYE","picturetime":"2020年12月15 重庆"}]
2022-08-23 13:25:50.535  INFO 9516 --- [http-nio-8081-exec-4] com.zeye.blog.aop.LogAspect              : Request : {url='http://localhost:8081/footer/blogmessage', ip='0:0:0:0:0:0:0:1', classMethod='com.zeye.blog.controller.IndexController.blogMessage', args=[{}]}
2022-08-23 13:25:50.542  INFO 9516 --- [http-nio-8081-exec-4] com.zeye.blog.aop.LogAspect              : Result : index :: blogMessage 
2022-08-23 13:25:50.543  INFO 9516 --- [http-nio-8081-exec-4] com.zeye.blog.aop.LogAspect              : ---------------doAfter--------------
2022-08-23 13:25:51.483  INFO 9516 --- [http-nio-8081-exec-1] com.zeye.blog.aop.LogAspect              : Request : {url='http://localhost:8081/footer/blogmessage', ip='0:0:0:0:0:0:0:1', classMethod='com.zeye.blog.controller.IndexController.blogMessage', args=[{}]}
2022-08-23 13:25:51.487  INFO 9516 --- [http-nio-8081-exec-1] com.zeye.blog.aop.LogAspect              : Result : index :: blogMessage 
2022-08-23 13:25:51.487  INFO 9516 --- [http-nio-8081-exec-1] com.zeye.blog.aop.LogAspect              : ---------------doAfter--------------
2022-08-23 13:25:54.256  INFO 9516 --- [http-nio-8081-exec-9] c.z.b.service.impl.PicturesServiceImpl   : PicturesServiceImpl. getAllPictures() : 从缓存中插入了数据 >> Page{count=true, pageNum=1, pageSize=50, startRow=0, endRow=50, total=5, pages=1, reasonable=false, pageSizeZero=false}[Pictures(id=1, picturename=LINSHAOYING, picturetime=2021年06月05日 重庆, pictureaddress=/images/mygirl.jpg, picturedescription=我的女孩), Pictures(id=7, picturename=我们, picturetime=2021年06月05 重庆, pictureaddress=/images/hezhao.jpg, picturedescription=一起在一起的日子), Pictures(id=8, picturename=ZHENGZEYE, picturetime=2021年06月05 重庆, pictureaddress=http://localhost:8080/images/luxing.jpg, picturedescription=女朋友给我的拍的照片), Pictures(id=9, picturename=部门聚会, picturetime=2020年12月15 重庆, pictureaddress=http://localhost:8080/images/toupai.jpg, picturedescription=部门聚会被拍到), Pictures(id=10, picturename=ZHENGZEYE, picturetime=2020年12月15 重庆, pictureaddress=http://localhost:8080/images/me.jpg, picturedescription=微信头像)]
2022-08-23 13:25:54.257  INFO 9516 --- [http-nio-8081-exec-9] c.z.b.service.impl.PicturesServiceImpl   : 刚才加入redis的数据是： [{"id":1,"pictureaddress":"/images/mygirl.jpg","picturedescription":"我的女孩","picturename":"LINSHAOYING","picturetime":"2021年06月05日 重庆"},{"id":7,"pictureaddress":"/images/hezhao.jpg","picturedescription":"一起在一起的日子","picturename":"我们","picturetime":"2021年06月05 重庆"},{"id":8,"pictureaddress":"http://localhost:8080/images/luxing.jpg","picturedescription":"女朋友给我的拍的照片","picturename":"ZHENGZEYE","picturetime":"2021年06月05 重庆"},{"id":9,"pictureaddress":"http://localhost:8080/images/toupai.jpg","picturedescription":"部门聚会被拍到","picturename":"部门聚会","picturetime":"2020年12月15 重庆"},{"id":10,"pictureaddress":"http://localhost:8080/images/me.jpg","picturedescription":"微信头像","picturename":"ZHENGZEYE","picturetime":"2020年12月15 重庆"}]
2022-08-23 13:25:54.381  INFO 9516 --- [http-nio-8081-exec-2] com.zeye.blog.aop.LogAspect              : Request : {url='http://localhost:8081/footer/blogmessage', ip='0:0:0:0:0:0:0:1', classMethod='com.zeye.blog.controller.IndexController.blogMessage', args=[{}]}
2022-08-23 13:25:54.385  INFO 9516 --- [http-nio-8081-exec-2] com.zeye.blog.aop.LogAspect              : Result : index :: blogMessage 
2022-08-23 13:25:54.385  INFO 9516 --- [http-nio-8081-exec-2] com.zeye.blog.aop.LogAspect              : ---------------doAfter--------------
2022-08-23 13:25:55.283  INFO 9516 --- [http-nio-8081-exec-3] com.zeye.blog.aop.LogAspect              : Request : {url='http://localhost:8081/footer/blogmessage', ip='0:0:0:0:0:0:0:1', classMethod='com.zeye.blog.controller.IndexController.blogMessage', args=[{}]}
2022-08-23 13:25:55.287  INFO 9516 --- [http-nio-8081-exec-3] com.zeye.blog.aop.LogAspect              : Result : index :: blogMessage 
2022-08-23 13:25:55.287  INFO 9516 --- [http-nio-8081-exec-3] com.zeye.blog.aop.LogAspect              : ---------------doAfter--------------
2022-08-23 13:25:57.427  INFO 9516 --- [http-nio-8081-exec-8] c.z.b.service.impl.PicturesServiceImpl   : PicturesServiceImpl. getAllPictures() : 从缓存中插入了数据 >> Page{count=true, pageNum=1, pageSize=50, startRow=0, endRow=50, total=5, pages=1, reasonable=false, pageSizeZero=false}[Pictures(id=1, picturename=LINSHAOYING, picturetime=2021年06月05日 重庆, pictureaddress=/images/mygirl.jpg, picturedescription=我的女孩), Pictures(id=7, picturename=我们, picturetime=2021年06月05 重庆, pictureaddress=/images/hezhao.jpg, picturedescription=一起在一起的日子), Pictures(id=8, picturename=ZHENGZEYE, picturetime=2021年06月05 重庆, pictureaddress=/images/luxing.jpg, picturedescription=女朋友给我的拍的照片), Pictures(id=9, picturename=部门聚会, picturetime=2020年12月15 重庆, pictureaddress=http://localhost:8080/images/toupai.jpg, picturedescription=部门聚会被拍到), Pictures(id=10, picturename=ZHENGZEYE, picturetime=2020年12月15 重庆, pictureaddress=http://localhost:8080/images/me.jpg, picturedescription=微信头像)]
2022-08-23 13:25:57.429  INFO 9516 --- [http-nio-8081-exec-8] c.z.b.service.impl.PicturesServiceImpl   : 刚才加入redis的数据是： [{"id":1,"pictureaddress":"/images/mygirl.jpg","picturedescription":"我的女孩","picturename":"LINSHAOYING","picturetime":"2021年06月05日 重庆"},{"id":7,"pictureaddress":"/images/hezhao.jpg","picturedescription":"一起在一起的日子","picturename":"我们","picturetime":"2021年06月05 重庆"},{"id":8,"pictureaddress":"/images/luxing.jpg","picturedescription":"女朋友给我的拍的照片","picturename":"ZHENGZEYE","picturetime":"2021年06月05 重庆"},{"id":9,"pictureaddress":"http://localhost:8080/images/toupai.jpg","picturedescription":"部门聚会被拍到","picturename":"部门聚会","picturetime":"2020年12月15 重庆"},{"id":10,"pictureaddress":"http://localhost:8080/images/me.jpg","picturedescription":"微信头像","picturename":"ZHENGZEYE","picturetime":"2020年12月15 重庆"}]
2022-08-23 13:25:57.552  INFO 9516 --- [http-nio-8081-exec-4] com.zeye.blog.aop.LogAspect              : Request : {url='http://localhost:8081/footer/blogmessage', ip='0:0:0:0:0:0:0:1', classMethod='com.zeye.blog.controller.IndexController.blogMessage', args=[{}]}
2022-08-23 13:25:57.557  INFO 9516 --- [http-nio-8081-exec-4] com.zeye.blog.aop.LogAspect              : Result : index :: blogMessage 
2022-08-23 13:25:57.557  INFO 9516 --- [http-nio-8081-exec-4] com.zeye.blog.aop.LogAspect              : ---------------doAfter--------------
2022-08-23 13:25:58.489  INFO 9516 --- [http-nio-8081-exec-1] com.zeye.blog.aop.LogAspect              : Request : {url='http://localhost:8081/footer/blogmessage', ip='0:0:0:0:0:0:0:1', classMethod='com.zeye.blog.controller.IndexController.blogMessage', args=[{}]}
2022-08-23 13:25:58.495  INFO 9516 --- [http-nio-8081-exec-1] com.zeye.blog.aop.LogAspect              : Result : index :: blogMessage 
2022-08-23 13:25:58.495  INFO 9516 --- [http-nio-8081-exec-1] com.zeye.blog.aop.LogAspect              : ---------------doAfter--------------
2022-08-23 13:26:01.018  INFO 9516 --- [http-nio-8081-exec-9] c.z.b.service.impl.PicturesServiceImpl   : PicturesServiceImpl. getAllPictures() : 从缓存中插入了数据 >> Page{count=true, pageNum=1, pageSize=50, startRow=0, endRow=50, total=5, pages=1, reasonable=false, pageSizeZero=false}[Pictures(id=1, picturename=LINSHAOYING, picturetime=2021年06月05日 重庆, pictureaddress=/images/mygirl.jpg, picturedescription=我的女孩), Pictures(id=7, picturename=我们, picturetime=2021年06月05 重庆, pictureaddress=/images/hezhao.jpg, picturedescription=一起在一起的日子), Pictures(id=8, picturename=ZHENGZEYE, picturetime=2021年06月05 重庆, pictureaddress=/images/luxing.jpg, picturedescription=女朋友给我的拍的照片), Pictures(id=9, picturename=部门聚会, picturetime=2020年12月15 重庆, pictureaddress=/images/toupai.jpg, picturedescription=部门聚会被拍到), Pictures(id=10, picturename=ZHENGZEYE, picturetime=2020年12月15 重庆, pictureaddress=http://localhost:8080/images/me.jpg, picturedescription=微信头像)]
2022-08-23 13:26:01.019  INFO 9516 --- [http-nio-8081-exec-9] c.z.b.service.impl.PicturesServiceImpl   : 刚才加入redis的数据是： [{"id":1,"pictureaddress":"/images/mygirl.jpg","picturedescription":"我的女孩","picturename":"LINSHAOYING","picturetime":"2021年06月05日 重庆"},{"id":7,"pictureaddress":"/images/hezhao.jpg","picturedescription":"一起在一起的日子","picturename":"我们","picturetime":"2021年06月05 重庆"},{"id":8,"pictureaddress":"/images/luxing.jpg","picturedescription":"女朋友给我的拍的照片","picturename":"ZHENGZEYE","picturetime":"2021年06月05 重庆"},{"id":9,"pictureaddress":"/images/toupai.jpg","picturedescription":"部门聚会被拍到","picturename":"部门聚会","picturetime":"2020年12月15 重庆"},{"id":10,"pictureaddress":"http://localhost:8080/images/me.jpg","picturedescription":"微信头像","picturename":"ZHENGZEYE","picturetime":"2020年12月15 重庆"}]
2022-08-23 13:26:01.154  INFO 9516 --- [http-nio-8081-exec-8] com.zeye.blog.aop.LogAspect              : Request : {url='http://localhost:8081/footer/blogmessage', ip='0:0:0:0:0:0:0:1', classMethod='com.zeye.blog.controller.IndexController.blogMessage', args=[{}]}
2022-08-23 13:26:01.159  INFO 9516 --- [http-nio-8081-exec-8] com.zeye.blog.aop.LogAspect              : Result : index :: blogMessage 
2022-08-23 13:26:01.159  INFO 9516 --- [http-nio-8081-exec-8] com.zeye.blog.aop.LogAspect              : ---------------doAfter--------------
2022-08-23 13:26:01.983  INFO 9516 --- [http-nio-8081-exec-6] com.zeye.blog.aop.LogAspect              : Request : {url='http://localhost:8081/footer/blogmessage', ip='0:0:0:0:0:0:0:1', classMethod='com.zeye.blog.controller.IndexController.blogMessage', args=[{}]}
2022-08-23 13:26:01.988  INFO 9516 --- [http-nio-8081-exec-6] com.zeye.blog.aop.LogAspect              : Result : index :: blogMessage 
2022-08-23 13:26:01.988  INFO 9516 --- [http-nio-8081-exec-6] com.zeye.blog.aop.LogAspect              : ---------------doAfter--------------
2022-08-23 13:26:04.205  INFO 9516 --- [http-nio-8081-exec-2] c.z.b.service.impl.PicturesServiceImpl   : PicturesServiceImpl. getAllPictures() : 从缓存中插入了数据 >> Page{count=true, pageNum=1, pageSize=50, startRow=0, endRow=50, total=5, pages=1, reasonable=false, pageSizeZero=false}[Pictures(id=1, picturename=LINSHAOYING, picturetime=2021年06月05日 重庆, pictureaddress=/images/mygirl.jpg, picturedescription=我的女孩), Pictures(id=7, picturename=我们, picturetime=2021年06月05 重庆, pictureaddress=/images/hezhao.jpg, picturedescription=一起在一起的日子), Pictures(id=8, picturename=ZHENGZEYE, picturetime=2021年06月05 重庆, pictureaddress=/images/luxing.jpg, picturedescription=女朋友给我的拍的照片), Pictures(id=9, picturename=部门聚会, picturetime=2020年12月15 重庆, pictureaddress=/images/toupai.jpg, picturedescription=部门聚会被拍到), Pictures(id=10, picturename=ZHENGZEYE, picturetime=2020年12月15 重庆, pictureaddress=/images/me.jpg, picturedescription=微信头像)]
2022-08-23 13:26:04.205  INFO 9516 --- [http-nio-8081-exec-2] c.z.b.service.impl.PicturesServiceImpl   : 刚才加入redis的数据是： [{"id":1,"pictureaddress":"/images/mygirl.jpg","picturedescription":"我的女孩","picturename":"LINSHAOYING","picturetime":"2021年06月05日 重庆"},{"id":7,"pictureaddress":"/images/hezhao.jpg","picturedescription":"一起在一起的日子","picturename":"我们","picturetime":"2021年06月05 重庆"},{"id":8,"pictureaddress":"/images/luxing.jpg","picturedescription":"女朋友给我的拍的照片","picturename":"ZHENGZEYE","picturetime":"2021年06月05 重庆"},{"id":9,"pictureaddress":"/images/toupai.jpg","picturedescription":"部门聚会被拍到","picturename":"部门聚会","picturetime":"2020年12月15 重庆"},{"id":10,"pictureaddress":"/images/me.jpg","picturedescription":"微信头像","picturename":"ZHENGZEYE","picturetime":"2020年12月15 重庆"}]
2022-08-23 13:26:04.332  INFO 9516 --- [http-nio-8081-exec-4] com.zeye.blog.aop.LogAspect              : Request : {url='http://localhost:8081/footer/blogmessage', ip='0:0:0:0:0:0:0:1', classMethod='com.zeye.blog.controller.IndexController.blogMessage', args=[{}]}
2022-08-23 13:26:04.336  INFO 9516 --- [http-nio-8081-exec-4] com.zeye.blog.aop.LogAspect              : Result : index :: blogMessage 
2022-08-23 13:26:04.337  INFO 9516 --- [http-nio-8081-exec-4] com.zeye.blog.aop.LogAspect              : ---------------doAfter--------------
2022-08-23 13:26:28.277  INFO 9516 --- [http-nio-8081-exec-3] com.zeye.blog.aop.LogAspect              : Request : {url='http://localhost:8081/', ip='0:0:0:0:0:0:0:1', classMethod='com.zeye.blog.controller.IndexController.index', args=[{}, 1, {}]}
2022-08-23 13:26:28.284  INFO 9516 --- [http-nio-8081-exec-3] com.zeye.blog.aop.LogAspect              : Result : index 
2022-08-23 13:26:28.284  INFO 9516 --- [http-nio-8081-exec-3] com.zeye.blog.aop.LogAspect              : ---------------doAfter--------------
2022-08-23 13:26:28.746  INFO 9516 --- [http-nio-8081-exec-8] com.zeye.blog.aop.LogAspect              : Request : {url='http://localhost:8081/footer/blogmessage', ip='0:0:0:0:0:0:0:1', classMethod='com.zeye.blog.controller.IndexController.blogMessage', args=[{}]}
2022-08-23 13:26:28.751  INFO 9516 --- [http-nio-8081-exec-8] com.zeye.blog.aop.LogAspect              : Result : index :: blogMessage 
2022-08-23 13:26:28.751  INFO 9516 --- [http-nio-8081-exec-8] com.zeye.blog.aop.LogAspect              : ---------------doAfter--------------
2022-08-23 13:26:30.316  INFO 9516 --- [http-nio-8081-exec-7] com.zeye.blog.aop.LogAspect              : Request : {url='http://localhost:8081/blog/97', ip='0:0:0:0:0:0:0:1', classMethod='com.zeye.blog.controller.IndexController.blog', args=[97, {}]}
2022-08-23 13:26:30.358  INFO 9516 --- [http-nio-8081-exec-7] com.zeye.blog.aop.LogAspect              : Result : blog 
2022-08-23 13:26:30.358  INFO 9516 --- [http-nio-8081-exec-7] com.zeye.blog.aop.LogAspect              : ---------------doAfter--------------
2022-08-23 13:26:30.804  INFO 9516 --- [http-nio-8081-exec-5] com.zeye.blog.aop.LogAspect              : Request : {url='http://localhost:8081/footer/blogmessage', ip='0:0:0:0:0:0:0:1', classMethod='com.zeye.blog.controller.IndexController.blogMessage', args=[{}]}
2022-08-23 13:26:30.807  INFO 9516 --- [http-nio-8081-exec-5] com.zeye.blog.aop.LogAspect              : Result : index :: blogMessage 
2022-08-23 13:26:30.807  INFO 9516 --- [http-nio-8081-exec-5] com.zeye.blog.aop.LogAspect              : ---------------doAfter--------------
2022-08-23 13:26:31.080  INFO 9516 --- [http-nio-8081-exec-8] com.zeye.blog.aop.LogAspect              : Request : {url='http://localhost:8081/comments/97', ip='0:0:0:0:0:0:0:1', classMethod='com.zeye.blog.controller.CommentController.comments', args=[97, {}]}
2022-08-23 13:26:31.089  INFO 9516 --- [http-nio-8081-exec-8] com.zeye.blog.aop.LogAspect              : Result : blog :: commentList 
2022-08-23 13:26:31.089  INFO 9516 --- [http-nio-8081-exec-8] com.zeye.blog.aop.LogAspect              : ---------------doAfter--------------
2022-08-23 13:26:33.098  INFO 9516 --- [http-nio-8081-exec-3] com.zeye.blog.aop.LogAspect              : Request : {url='http://localhost:8081/picture', ip='0:0:0:0:0:0:0:1', classMethod='com.zeye.blog.controller.PictureShowController.picture', args=[{}]}
2022-08-23 13:26:33.101  INFO 9516 --- [http-nio-8081-exec-3] c.z.b.service.impl.PicturesServiceImpl   : PicturesServiceImpl. getAllPictures() : 从缓存中获取了数据 >> [Pictures(id=1, picturename=LINSHAOYING, picturetime=2021年06月05日 重庆, pictureaddress=/images/mygirl.jpg, picturedescription=我的女孩), Pictures(id=7, picturename=我们, picturetime=2021年06月05 重庆, pictureaddress=/images/hezhao.jpg, picturedescription=一起在一起的日子), Pictures(id=8, picturename=ZHENGZEYE, picturetime=2021年06月05 重庆, pictureaddress=/images/luxing.jpg, picturedescription=女朋友给我的拍的照片), Pictures(id=9, picturename=部门聚会, picturetime=2020年12月15 重庆, pictureaddress=/images/toupai.jpg, picturedescription=部门聚会被拍到), Pictures(id=10, picturename=ZHENGZEYE, picturetime=2020年12月15 重庆, pictureaddress=/images/me.jpg, picturedescription=微信头像)]
2022-08-23 13:26:33.101  INFO 9516 --- [http-nio-8081-exec-3] com.zeye.blog.aop.LogAspect              : Result : picture 
2022-08-23 13:26:33.101  INFO 9516 --- [http-nio-8081-exec-3] com.zeye.blog.aop.LogAspect              : ---------------doAfter--------------
2022-08-23 13:26:33.317  INFO 9516 --- [http-nio-8081-exec-2] com.zeye.blog.aop.LogAspect              : Request : {url='http://localhost:8081/footer/blogmessage', ip='0:0:0:0:0:0:0:1', classMethod='com.zeye.blog.controller.IndexController.blogMessage', args=[{}]}
2022-08-23 13:26:33.324  INFO 9516 --- [http-nio-8081-exec-2] com.zeye.blog.aop.LogAspect              : Result : index :: blogMessage 
2022-08-23 13:26:33.324  INFO 9516 --- [http-nio-8081-exec-2] com.zeye.blog.aop.LogAspect              : ---------------doAfter--------------
2022-08-23 13:27:01.462  INFO 9516 --- [http-nio-8081-exec-9] com.zeye.blog.aop.LogAspect              : Request : {url='http://localhost:8081/picture', ip='0:0:0:0:0:0:0:1', classMethod='com.zeye.blog.controller.PictureShowController.picture', args=[{}]}
2022-08-23 13:27:01.464  INFO 9516 --- [http-nio-8081-exec-9] c.z.b.service.impl.PicturesServiceImpl   : PicturesServiceImpl. getAllPictures() : 从缓存中获取了数据 >> [Pictures(id=1, picturename=LINSHAOYING, picturetime=2021年06月05日 重庆, pictureaddress=/images/mygirl.jpg, picturedescription=我的女孩), Pictures(id=7, picturename=我们, picturetime=2021年06月05 重庆, pictureaddress=/images/hezhao.jpg, picturedescription=一起在一起的日子), Pictures(id=8, picturename=ZHENGZEYE, picturetime=2021年06月05 重庆, pictureaddress=/images/luxing.jpg, picturedescription=女朋友给我的拍的照片), Pictures(id=9, picturename=部门聚会, picturetime=2020年12月15 重庆, pictureaddress=/images/toupai.jpg, picturedescription=部门聚会被拍到), Pictures(id=10, picturename=ZHENGZEYE, picturetime=2020年12月15 重庆, pictureaddress=/images/me.jpg, picturedescription=微信头像)]
2022-08-23 13:27:01.464  INFO 9516 --- [http-nio-8081-exec-9] com.zeye.blog.aop.LogAspect              : Result : picture 
2022-08-23 13:27:01.464  INFO 9516 --- [http-nio-8081-exec-9] com.zeye.blog.aop.LogAspect              : ---------------doAfter--------------
2022-08-23 13:27:01.676  INFO 9516 --- [http-nio-8081-exec-5] com.zeye.blog.aop.LogAspect              : Request : {url='http://localhost:8081/footer/blogmessage', ip='0:0:0:0:0:0:0:1', classMethod='com.zeye.blog.controller.IndexController.blogMessage', args=[{}]}
2022-08-23 13:27:01.680  INFO 9516 --- [http-nio-8081-exec-5] com.zeye.blog.aop.LogAspect              : Result : index :: blogMessage 
2022-08-23 13:27:01.681  INFO 9516 --- [http-nio-8081-exec-5] com.zeye.blog.aop.LogAspect              : ---------------doAfter--------------
2022-08-23 13:27:07.125  INFO 9516 --- [http-nio-8081-exec-10] com.zeye.blog.aop.LogAspect              : Request : {url='http://localhost:8081/picture', ip='0:0:0:0:0:0:0:1', classMethod='com.zeye.blog.controller.PictureShowController.picture', args=[{}]}
2022-08-23 13:27:07.129  INFO 9516 --- [http-nio-8081-exec-10] c.z.b.service.impl.PicturesServiceImpl   : PicturesServiceImpl. getAllPictures() : 从缓存中获取了数据 >> [Pictures(id=1, picturename=LINSHAOYING, picturetime=2021年06月05日 重庆, pictureaddress=/images/mygirl.jpg, picturedescription=我的女孩), Pictures(id=7, picturename=我们, picturetime=2021年06月05 重庆, pictureaddress=/images/hezhao.jpg, picturedescription=一起在一起的日子), Pictures(id=8, picturename=ZHENGZEYE, picturetime=2021年06月05 重庆, pictureaddress=/images/luxing.jpg, picturedescription=女朋友给我的拍的照片), Pictures(id=9, picturename=部门聚会, picturetime=2020年12月15 重庆, pictureaddress=/images/toupai.jpg, picturedescription=部门聚会被拍到), Pictures(id=10, picturename=ZHENGZEYE, picturetime=2020年12月15 重庆, pictureaddress=/images/me.jpg, picturedescription=微信头像)]
2022-08-23 13:27:07.129  INFO 9516 --- [http-nio-8081-exec-10] com.zeye.blog.aop.LogAspect              : Result : picture 
2022-08-23 13:27:07.129  INFO 9516 --- [http-nio-8081-exec-10] com.zeye.blog.aop.LogAspect              : ---------------doAfter--------------
2022-08-23 13:27:07.385  INFO 9516 --- [http-nio-8081-exec-2] com.zeye.blog.aop.LogAspect              : Request : {url='http://localhost:8081/footer/blogmessage', ip='0:0:0:0:0:0:0:1', classMethod='com.zeye.blog.controller.IndexController.blogMessage', args=[{}]}
2022-08-23 13:27:07.390  INFO 9516 --- [http-nio-8081-exec-2] com.zeye.blog.aop.LogAspect              : Result : index :: blogMessage 
2022-08-23 13:27:07.390  INFO 9516 --- [http-nio-8081-exec-2] com.zeye.blog.aop.LogAspect              : ---------------doAfter--------------
2022-08-23 13:28:04.183  INFO 9516 --- [http-nio-8081-exec-5] c.z.blog.service.impl.BlogServiceImpl    : TypeServiceImpl.getTypeList() : 从缓存中插入了数据 >> Page{count=true, pageNum=1, pageSize=100, startRow=0, endRow=100, total=8, pages=1, reasonable=false, pageSizeZero=false}[Type(id=51, name=JavaScript, blogs=[]), Type(id=50, name=Redis, blogs=[]), Type(id=49, name=MySQL, blogs=[]), Type(id=48, name=错误日志, blogs=[]), Type(id=46, name=SpringBoot, blogs=[]), Type(id=45, name=JVM, blogs=[]), Type(id=44, name=Java基础, blogs=[]), Type(id=43, name=liunx, blogs=[])]
2022-08-23 13:28:04.184  INFO 9516 --- [http-nio-8081-exec-5] c.z.blog.service.impl.BlogServiceImpl    : 刚才加入redis的数据是： [{"blogs":[],"id":51,"name":"JavaScript"},{"blogs":[],"id":50,"name":"Redis"},{"blogs":[],"id":49,"name":"MySQL"},{"blogs":[],"id":48,"name":"错误日志"},{"blogs":[],"id":46,"name":"SpringBoot"},{"blogs":[],"id":45,"name":"JVM"},{"blogs":[],"id":44,"name":"Java基础"},{"blogs":[],"id":43,"name":"liunx"}]
2022-08-23 13:28:04.300  INFO 9516 --- [http-nio-8081-exec-4] com.zeye.blog.aop.LogAspect              : Request : {url='http://localhost:8081/footer/blogmessage', ip='0:0:0:0:0:0:0:1', classMethod='com.zeye.blog.controller.IndexController.blogMessage', args=[{}]}
2022-08-23 13:28:04.303  INFO 9516 --- [http-nio-8081-exec-4] com.zeye.blog.aop.LogAspect              : Result : index :: blogMessage 
2022-08-23 13:28:04.303  INFO 9516 --- [http-nio-8081-exec-4] com.zeye.blog.aop.LogAspect              : ---------------doAfter--------------
2022-08-23 13:28:44.858  INFO 9516 --- [http-nio-8081-exec-5] c.z.blog.service.impl.BlogServiceImpl    : TypeServiceImpl.getTypeList() : 从缓存中获取了数据 >> [Type(id=51, name=JavaScript, blogs=[]), Type(id=50, name=Redis, blogs=[]), Type(id=49, name=MySQL, blogs=[]), Type(id=48, name=错误日志, blogs=[]), Type(id=46, name=SpringBoot, blogs=[]), Type(id=45, name=JVM, blogs=[]), Type(id=44, name=Java基础, blogs=[]), Type(id=43, name=liunx, blogs=[])]
2022-08-23 13:28:44.993  INFO 9516 --- [http-nio-8081-exec-4] com.zeye.blog.aop.LogAspect              : Request : {url='http://localhost:8081/footer/blogmessage', ip='0:0:0:0:0:0:0:1', classMethod='com.zeye.blog.controller.IndexController.blogMessage', args=[{}]}
2022-08-23 13:28:44.996  INFO 9516 --- [http-nio-8081-exec-4] com.zeye.blog.aop.LogAspect              : Result : index :: blogMessage 
2022-08-23 13:28:44.997  INFO 9516 --- [http-nio-8081-exec-4] com.zeye.blog.aop.LogAspect              : ---------------doAfter--------------
